[INFO] Error stacktraces are turned on.
[INFO] Scanning for projects...
[INFO] 
[INFO] -----------< org.example.camunda.scoring:scoring-connector >------------
[INFO] Building scoring-connector 1.0.0-SNAPSHOT
[INFO]   from pom.xml
[INFO] --------------------------------[ jar ]---------------------------------
[INFO] 
[INFO] --- maven-resources-plugin:2.6:resources (default-resources) @ scoring-connector ---
[INFO] Using 'UTF-8' encoding to copy filtered resources.
[INFO] Copying 2 resources
[INFO] 
[INFO] --- maven-compiler-plugin:3.1:compile (default-compile) @ scoring-connector ---
[INFO] Changes detected - recompiling the module!
[INFO] Compiling 3 source files to D:\try2026demo\mcpWithDB\scoringConnector\target\classes
[INFO] -------------------------------------------------------------
[ERROR] COMPILATION ERROR : 
[INFO] -------------------------------------------------------------
[ERROR] /D:/try2026demo/mcpWithDB/scoringConnector/src/main/java/org/example/camunda/scoring/ScoringConnectorFunction.java:[7,54] package io.camunda.connector.generator.java.annotation does not exist
[ERROR] /D:/try2026demo/mcpWithDB/scoringConnector/src/main/java/org/example/camunda/scoring/ScoringConnectorFunction.java:[21,2] cannot find symbol
  symbol: class ElementTemplate
[ERROR] /D:/try2026demo/mcpWithDB/scoringConnector/src/main/java/org/example/camunda/scoring/ScoringConnectorRequest.java:[3,54] package io.camunda.connector.generator.java.annotation does not exist
[ERROR] /D:/try2026demo/mcpWithDB/scoringConnector/src/main/java/org/example/camunda/scoring/ScoringConnectorRequest.java:[4,71] package io.camunda.connector.generator.java.annotation.TemplateProperty does not exist
[ERROR] /D:/try2026demo/mcpWithDB/scoringConnector/src/main/java/org/example/camunda/scoring/ScoringConnectorFunction.java:[22,25] package ElementTemplate does not exist
[ERROR] /D:/try2026demo/mcpWithDB/scoringConnector/src/main/java/org/example/camunda/scoring/ScoringConnectorFunction.java:[23,25] package ElementTemplate does not exist
[ERROR] /D:/try2026demo/mcpWithDB/scoringConnector/src/main/java/org/example/camunda/scoring/ScoringConnectorFunction.java:[24,25] package ElementTemplate does not exist
[ERROR] /D:/try2026demo/mcpWithDB/scoringConnector/src/main/java/org/example/camunda/scoring/ScoringConnectorRequest.java:[8,6] cannot find symbol
  symbol:   class TemplateProperty
  location: class org.example.camunda.scoring.ScoringConnectorRequest
[ERROR] /D:/try2026demo/mcpWithDB/scoringConnector/src/main/java/org/example/camunda/scoring/ScoringConnectorRequest.java:[10,6] cannot find symbol
  symbol:   class TemplateProperty
  location: class org.example.camunda.scoring.ScoringConnectorRequest
[ERROR] /D:/try2026demo/mcpWithDB/scoringConnector/src/main/java/org/example/camunda/scoring/ScoringConnectorRequest.java:[10,67] cannot find symbol
  symbol:   variable PropertyType
  location: class org.example.camunda.scoring.ScoringConnectorRequest
[ERROR] /D:/try2026demo/mcpWithDB/scoringConnector/src/main/java/org/example/camunda/scoring/ScoringConnectorRequest.java:[11,26] package TemplateProperty does not exist
[ERROR] /D:/try2026demo/mcpWithDB/scoringConnector/src/main/java/org/example/camunda/scoring/ScoringConnectorRequest.java:[12,26] package TemplateProperty does not exist
[ERROR] /D:/try2026demo/mcpWithDB/scoringConnector/src/main/java/org/example/camunda/scoring/ScoringConnectorRequest.java:[13,26] package TemplateProperty does not exist
[ERROR] /D:/try2026demo/mcpWithDB/scoringConnector/src/main/java/org/example/camunda/scoring/ScoringConnectorRequest.java:[14,26] package TemplateProperty does not exist
[ERROR] /D:/try2026demo/mcpWithDB/scoringConnector/src/main/java/org/example/camunda/scoring/ScoringConnectorRequest.java:[15,26] package TemplateProperty does not exist
[ERROR] /D:/try2026demo/mcpWithDB/scoringConnector/src/main/java/org/example/camunda/scoring/ScoringConnectorRequest.java:[18,6] cannot find symbol
  symbol:   class TemplateProperty
  location: class org.example.camunda.scoring.ScoringConnectorRequest
[ERROR] /D:/try2026demo/mcpWithDB/scoringConnector/src/main/java/org/example/camunda/scoring/ScoringConnectorRequest.java:[20,6] cannot find symbol
  symbol:   class TemplateProperty
  location: class org.example.camunda.scoring.ScoringConnectorRequest
[ERROR] /D:/try2026demo/mcpWithDB/scoringConnector/src/main/java/org/example/camunda/scoring/ScoringConnectorRequest.java:[20,68] cannot find symbol
  symbol:   variable PropertyType
  location: class org.example.camunda.scoring.ScoringConnectorRequest
[ERROR] /D:/try2026demo/mcpWithDB/scoringConnector/src/main/java/org/example/camunda/scoring/ScoringConnectorRequest.java:[22,6] cannot find symbol
  symbol:   class TemplateProperty
  location: class org.example.camunda.scoring.ScoringConnectorRequest
[INFO] 19 errors 
[INFO] -------------------------------------------------------------
[INFO] ------------------------------------------------------------------------
[INFO] BUILD FAILURE
[INFO] ------------------------------------------------------------------------
[INFO] Total time:  1.807 s
[INFO] Finished at: 2025-12-27T18:21:45-05:00
[INFO] ------------------------------------------------------------------------
[ERROR] Failed to execute goal org.apache.maven.plugins:maven-compiler-plugin:3.1:compile (default-compile) on project scoring-connector: Compilation failure: Compilation failure: 
[ERROR] /D:/try2026demo/mcpWithDB/scoringConnector/src/main/java/org/example/camunda/scoring/ScoringConnectorFunction.java:[7,54] package io.camunda.connector.generator.java.annotation does not exist
[ERROR] /D:/try2026demo/mcpWithDB/scoringConnector/src/main/java/org/example/camunda/scoring/ScoringConnectorFunction.java:[21,2] cannot find symbol
[ERROR]   symbol: class ElementTemplate
[ERROR] /D:/try2026demo/mcpWithDB/scoringConnector/src/main/java/org/example/camunda/scoring/ScoringConnectorRequest.java:[3,54] package io.camunda.connector.generator.java.annotation does not exist
[ERROR] /D:/try2026demo/mcpWithDB/scoringConnector/src/main/java/org/example/camunda/scoring/ScoringConnectorRequest.java:[4,71] package io.camunda.connector.generator.java.annotation.TemplateProperty does not exist
[ERROR] /D:/try2026demo/mcpWithDB/scoringConnector/src/main/java/org/example/camunda/scoring/ScoringConnectorFunction.java:[22,25] package ElementTemplate does not exist
[ERROR] /D:/try2026demo/mcpWithDB/scoringConnector/src/main/java/org/example/camunda/scoring/ScoringConnectorFunction.java:[23,25] package ElementTemplate does not exist
[ERROR] /D:/try2026demo/mcpWithDB/scoringConnector/src/main/java/org/example/camunda/scoring/ScoringConnectorFunction.java:[24,25] package ElementTemplate does not exist
[ERROR] /D:/try2026demo/mcpWithDB/scoringConnector/src/main/java/org/example/camunda/scoring/ScoringConnectorRequest.java:[8,6] cannot find symbol
[ERROR]   symbol:   class TemplateProperty
[ERROR]   location: class org.example.camunda.scoring.ScoringConnectorRequest
[ERROR] /D:/try2026demo/mcpWithDB/scoringConnector/src/main/java/org/example/camunda/scoring/ScoringConnectorRequest.java:[10,6] cannot find symbol
[ERROR]   symbol:   class TemplateProperty
[ERROR]   location: class org.example.camunda.scoring.ScoringConnectorRequest
[ERROR] /D:/try2026demo/mcpWithDB/scoringConnector/src/main/java/org/example/camunda/scoring/ScoringConnectorRequest.java:[10,67] cannot find symbol
[ERROR]   symbol:   variable PropertyType
[ERROR]   location: class org.example.camunda.scoring.ScoringConnectorRequest
[ERROR] /D:/try2026demo/mcpWithDB/scoringConnector/src/main/java/org/example/camunda/scoring/ScoringConnectorRequest.java:[11,26] package TemplateProperty does not exist
[ERROR] /D:/try2026demo/mcpWithDB/scoringConnector/src/main/java/org/example/camunda/scoring/ScoringConnectorRequest.java:[12,26] package TemplateProperty does not exist
[ERROR] /D:/try2026demo/mcpWithDB/scoringConnector/src/main/java/org/example/camunda/scoring/ScoringConnectorRequest.java:[13,26] package TemplateProperty does not exist
[ERROR] /D:/try2026demo/mcpWithDB/scoringConnector/src/main/java/org/example/camunda/scoring/ScoringConnectorRequest.java:[14,26] package TemplateProperty does not exist
[ERROR] /D:/try2026demo/mcpWithDB/scoringConnector/src/main/java/org/example/camunda/scoring/ScoringConnectorRequest.java:[15,26] package TemplateProperty does not exist
[ERROR] /D:/try2026demo/mcpWithDB/scoringConnector/src/main/java/org/example/camunda/scoring/ScoringConnectorRequest.java:[18,6] cannot find symbol
[ERROR]   symbol:   class TemplateProperty
[ERROR]   location: class org.example.camunda.scoring.ScoringConnectorRequest
[ERROR] /D:/try2026demo/mcpWithDB/scoringConnector/src/main/java/org/example/camunda/scoring/ScoringConnectorRequest.java:[20,6] cannot find symbol
[ERROR]   symbol:   class TemplateProperty
[ERROR]   location: class org.example.camunda.scoring.ScoringConnectorRequest
[ERROR] /D:/try2026demo/mcpWithDB/scoringConnector/src/main/java/org/example/camunda/scoring/ScoringConnectorRequest.java:[20,68] cannot find symbol
[ERROR]   symbol:   variable PropertyType
[ERROR]   location: class org.example.camunda.scoring.ScoringConnectorRequest
[ERROR] /D:/try2026demo/mcpWithDB/scoringConnector/src/main/java/org/example/camunda/scoring/ScoringConnectorRequest.java:[22,6] cannot find symbol
[ERROR]   symbol:   class TemplateProperty
[ERROR]   location: class org.example.camunda.scoring.ScoringConnectorRequest
[ERROR] -> [Help 1]
org.apache.maven.lifecycle.LifecycleExecutionException: Failed to execute goal org.apache.maven.plugins:maven-compiler-plugin:3.1:compile (default-compile) on project scoring-connector: Compilation failure
    at org.apache.maven.lifecycle.internal.MojoExecutor.doExecute2 (MojoExecutor.java:375)
    at org.apache.maven.lifecycle.internal.MojoExecutor.doExecute (MojoExecutor.java:351)
    at org.apache.maven.lifecycle.internal.MojoExecutor.execute (MojoExecutor.java:215)
    at org.apache.maven.lifecycle.internal.MojoExecutor.execute (MojoExecutor.java:171)
    at org.apache.maven.lifecycle.internal.MojoExecutor.execute (MojoExecutor.java:163)
    at org.apache.maven.lifecycle.internal.LifecycleModuleBuilder.buildProject (LifecycleModuleBuilder.java:117)
    at org.apache.maven.lifecycle.internal.LifecycleModuleBuilder.buildProject (LifecycleModuleBuilder.java:81)
    at org.apache.maven.lifecycle.internal.builder.singlethreaded.SingleThreadedBuilder.build (SingleThreadedBuilder.java:56)
    at org.apache.maven.lifecycle.internal.LifecycleStarter.execute (LifecycleStarter.java:128)
    at org.apache.maven.DefaultMaven.doExecute (DefaultMaven.java:299)
    at org.apache.maven.DefaultMaven.doExecute (DefaultMaven.java:193)
    at org.apache.maven.DefaultMaven.execute (DefaultMaven.java:106)
    at org.apache.maven.cli.MavenCli.execute (MavenCli.java:963)
    at org.apache.maven.cli.MavenCli.doMain (MavenCli.java:296)
    at org.apache.maven.cli.MavenCli.main (MavenCli.java:199)
    at jdk.internal.reflect.DirectMethodHandleAccessor.invoke (DirectMethodHandleAccessor.java:103)
    at java.lang.reflect.Method.invoke (Method.java:580)
    at org.codehaus.plexus.classworlds.launcher.Launcher.launchEnhanced (Launcher.java:282)
    at org.codehaus.plexus.classworlds.launcher.Launcher.launch (Launcher.java:225)
    at org.codehaus.plexus.classworlds.launcher.Launcher.mainWithExitCode (Launcher.java:406)
    at org.codehaus.plexus.classworlds.launcher.Launcher.main (Launcher.java:347)
Caused by: org.apache.maven.plugin.compiler.CompilationFailureException: Compilation failure
    at org.apache.maven.plugin.compiler.AbstractCompilerMojo.execute (AbstractCompilerMojo.java:858)
    at org.apache.maven.plugin.compiler.CompilerMojo.execute (CompilerMojo.java:129)
    at org.apache.maven.plugin.DefaultBuildPluginManager.executeMojo (DefaultBuildPluginManager.java:137)
    at org.apache.maven.lifecycle.internal.MojoExecutor.doExecute2 (MojoExecutor.java:370)
    at org.apache.maven.lifecycle.internal.MojoExecutor.doExecute (MojoExecutor.java:351)
    at org.apache.maven.lifecycle.internal.MojoExecutor.execute (MojoExecutor.java:215)
    at org.apache.maven.lifecycle.internal.MojoExecutor.execute (MojoExecutor.java:171)
    at org.apache.maven.lifecycle.internal.MojoExecutor.execute (MojoExecutor.java:163)
    at org.apache.maven.lifecycle.internal.LifecycleModuleBuilder.buildProject (LifecycleModuleBuilder.java:117)
    at org.apache.maven.lifecycle.internal.LifecycleModuleBuilder.buildProject (LifecycleModuleBuilder.java:81)
    at org.apache.maven.lifecycle.internal.builder.singlethreaded.SingleThreadedBuilder.build (SingleThreadedBuilder.java:56)
    at org.apache.maven.lifecycle.internal.LifecycleStarter.execute (LifecycleStarter.java:128)
    at org.apache.maven.DefaultMaven.doExecute (DefaultMaven.java:299)
    at org.apache.maven.DefaultMaven.doExecute (DefaultMaven.java:193)
    at org.apache.maven.DefaultMaven.execute (DefaultMaven.java:106)
    at org.apache.maven.cli.MavenCli.execute (MavenCli.java:963)
    at org.apache.maven.cli.MavenCli.doMain (MavenCli.java:296)
    at org.apache.maven.cli.MavenCli.main (MavenCli.java:199)
    at jdk.internal.reflect.DirectMethodHandleAccessor.invoke (DirectMethodHandleAccessor.java:103)
    at java.lang.reflect.Method.invoke (Method.java:580)
    at org.codehaus.plexus.classworlds.launcher.Launcher.launchEnhanced (Launcher.java:282)
    at org.codehaus.plexus.classworlds.launcher.Launcher.launch (Launcher.java:225)
    at org.codehaus.plexus.classworlds.launcher.Launcher.mainWithExitCode (Launcher.java:406)
    at org.codehaus.plexus.classworlds.launcher.Launcher.main (Launcher.java:347)
[ERROR] 
[ERROR] Re-run Maven using the -X switch to enable full debug logging.
[ERROR] 
[ERROR] For more information about the errors and possible solutions, please read the following articles:
[ERROR] [Help 1] http://cwiki.apache.org/confluence/display/MAVEN/MojoFailureException
